#
# There is insufficient memory for the Java Runtime Environment to continue.
# Native memory allocation (mmap) failed to map 232783872 bytes. Error detail: G1 virtual space
# Possible reasons:
#   The system is out of physical RAM or swap space
#   This process is running with CompressedOops enabled, and the Java Heap may be blocking the growth of the native heap
# Possible solutions:
#   Reduce memory load on the system
#   Increase physical memory or swap space
#   Check if swap backing store is full
#   Decrease Java heap size (-Xmx/-Xms)
#   Decrease number of Java threads
#   Decrease Java thread stack sizes (-Xss)
#   Set larger code cache with -XX:ReservedCodeCacheSize=
#   JVM is running with Zero Based Compressed Oops mode in which the Java heap is
#     placed in the first 32GB address space. The Java Heap base address is the
#     maximum limit for the native heap growth. Please use -XX:HeapBaseMinAddress
#     to set the Java Heap base and to place the Java Heap above 32GB virtual address.
# This output file may be truncated or incomplete.
#
#  Out of Memory Error (os_windows.cpp:3616), pid=21548, tid=22444
#
# JRE version:  (21.0.5+11) (build )
# Java VM: OpenJDK 64-Bit Server VM (21.0.5+11-LTS, mixed mode, emulated-client, sharing, tiered, compressed oops, compressed class ptrs, g1 gc, windows-amd64)
# No core dump will be written. Minidumps are not enabled by default on client versions of Windows
#

---------------  S U M M A R Y ------------

Command Line: -Dcom.sun.management.jmxremote -Dcom.sun.management.jmxremote.port=52434 -Dcom.sun.management.jmxremote.authenticate=false -Dcom.sun.management.jmxremote.ssl=false -Djava.rmi.server.hostname=localhost -Dspring.jmx.enabled=true -Dmanagement.endpoints.jmx.exposure.include=* -Dspring.application.admin.enabled=true -XX:TieredStopAtLevel=1 -Dspring.boot.project.name=deepen_team1_project -Dfile.encoding=UTF-8 -Dstdout.encoding=UTF-8 -Dstderr.encoding=UTF-8 -XX:+ShowCodeDetailsInExceptionMessages com.deepen.DeepenTeam1ProjectApplication --spring.output.ansi.enabled=always

Host: AMD Ryzen 5 5625U with Radeon Graphics         , 12 cores, 13G,  Windows 11 , 64 bit Build 22621 (10.0.22621.4391)
Time: Wed Dec 25 15:22:55 2024  Windows 11 , 64 bit Build 22621 (10.0.22621.4391) elapsed time: 0.119822 seconds (0d 0h 0m 0s)

---------------  T H R E A D  ---------------

Current thread (0x00000193902dcb50):  JavaThread "Unknown thread" [_thread_in_vm, id=22444, stack(0x00000086cdd00000,0x00000086cde00000) (1024K)]

Stack: [0x00000086cdd00000,0x00000086cde00000]
Native frames: (J=compiled Java code, j=interpreted, Vv=VM code, C=native code)
V  [jvm.dll+0x6cd4e9]
V  [jvm.dll+0x8a7941]
V  [jvm.dll+0x8a9e6e]
V  [jvm.dll+0x8aa543]
V  [jvm.dll+0x27f6d6]
V  [jvm.dll+0x6c9c25]
V  [jvm.dll+0x6be84a]
V  [jvm.dll+0x355c6a]
V  [jvm.dll+0x35d836]
V  [jvm.dll+0x3af40e]
V  [jvm.dll+0x3af6b8]
V  [jvm.dll+0x329dfc]
V  [jvm.dll+0x32a95b]
V  [jvm.dll+0x870ba9]
V  [jvm.dll+0x3bc1e1]
V  [jvm.dll+0x859cd3]
V  [jvm.dll+0x4504ee]
V  [jvm.dll+0x452131]
C  [jli.dll+0x5278]
C  [ucrtbase.dll+0x29333]
C  [KERNEL32.DLL+0x1259d]
C  [ntdll.dll+0x5af38]


---------------  P R O C E S S  ---------------

Threads class SMR info:
_java_thread_list=0x00007ffcaa2490c8, length=0, elements={
}

Java Threads: ( => current thread )
Total: 0

Other Threads:
  0x0000019390430180 WorkerThread "GC Thread#0"                     [id=21744, stack(0x00000086cde00000,0x00000086cdf00000) (1024K)]
  0x000001939043ef20 ConcurrentGCThread "G1 Main Marker"            [id=22848, stack(0x00000086cdf00000,0x00000086ce000000) (1024K)]
  0x0000019390440370 WorkerThread "G1 Conc#0"                       [id=16004, stack(0x00000086ce000000,0x00000086ce100000) (1024K)]

[error occurred during error reporting (printing all threads), id 0xc0000005, EXCEPTION_ACCESS_VIOLATION (0xc0000005) at pc=0x00007ffca994c727]
VM state: not at safepoint (not fully initialized)

VM Mutex/Monitor currently owned by a thread:  ([mutex/lock_event])
[0x00007ffcaa2bd480] Heap_lock - owner thread: 0x00000193902dcb50

Heap address: 0x0000000722400000, size: 3548 MB, Compressed Oops mode: Zero based, Oop shift amount: 3

CDS archive(s) mapped at: [0x0000000000000000-0x0000000000000000-0x0000000000000000), size 0, SharedBaseAddress: 0x0000000800000000, ArchiveRelocationMode: 1.
Narrow klass base: 0x0000000000000000, Narrow klass shift: 0, Narrow klass range: 0x0

GC Precious Log:
 CardTable entry size: 512
 Card Set container configuration: InlinePtr #cards 4 size 8 Array Of Cards #cards 16 size 48 Howl #buckets 8 coarsen threshold 3686 Howl Bitmap #cards 512 size 80 coarsen threshold 460 Card regions per heap region 1 cards per card region 4096

Heap:
 garbage-first heap   total 0K, used 0K [0x0000000722400000, 0x0000000800000000)
  region size 2048K, 0 young (0K), 0 survivors (0K)

[error occurred during error reporting (printing heap information), id 0xc0000005, EXCEPTION_ACCESS_VIOLATION (0xc0000005) at pc=0x00007ffca9d36f49]
GC Heap History (0 events):
No events

Dll operation events (1 events):
Event: 0.051 Loaded shared library C:\sts-4.27.0.RELEASE(ojdk21)\plugins\org.eclipse.justj.openjdk.hotspot.jre.full.win32.x86_64_21.0.5.v20241023-1957\jre\bin\java.dll

Deoptimization events (0 events):
No events

Classes loaded (0 events):
No events

Classes unloaded (0 events):
No events

Classes redefined (0 events):
No events

Internal exceptions (0 events):
No events

ZGC Phase Switch (0 events):
No events

VM Operations (0 events):
No events

Memory protections (0 events):
No events

Nmethod flushes (0 events):
No events

Events (0 events):
No events


Dynamic libraries:
0x00007ff6d54a0000 - 0x00007ff6d54ae000 	C:\sts-4.27.0.RELEASE(ojdk21)\plugins\org.eclipse.justj.openjdk.hotspot.jre.full.win32.x86_64_21.0.5.v20241023-1957\jre\bin\javaw.exe
0x00007ffd2a130000 - 0x00007ffd2a347000 	C:\WINDOWS\SYSTEM32\ntdll.dll
0x00007ffd28f10000 - 0x00007ffd28fd4000 	C:\WINDOWS\System32\KERNEL32.DLL
0x00007ffd27570000 - 0x00007ffd2792a000 	C:\WINDOWS\System32\KERNELBASE.dll
0x00007ffd27990000 - 0x00007ffd27aa1000 	C:\WINDOWS\System32\ucrtbase.dll
0x00007ffcf9220000 - 0x00007ffcf9238000 	C:\sts-4.27.0.RELEASE(ojdk21)\plugins\org.eclipse.justj.openjdk.hotspot.jre.full.win32.x86_64_21.0.5.v20241023-1957\jre\bin\jli.dll
0x00007ffce62e0000 - 0x00007ffce62fe000 	C:\sts-4.27.0.RELEASE(ojdk21)\plugins\org.eclipse.justj.openjdk.hotspot.jre.full.win32.x86_64_21.0.5.v20241023-1957\jre\bin\VCRUNTIME140.dll
0x00007ffd27e30000 - 0x00007ffd27fde000 	C:\WINDOWS\System32\USER32.dll
0x00007ffd27930000 - 0x00007ffd27956000 	C:\WINDOWS\System32\win32u.dll
0x00007ffd280b0000 - 0x00007ffd280d9000 	C:\WINDOWS\System32\GDI32.dll
0x00007ffd27bf0000 - 0x00007ffd27d0b000 	C:\WINDOWS\System32\gdi32full.dll
0x00007ffd27d10000 - 0x00007ffd27daa000 	C:\WINDOWS\System32\msvcp_win.dll
0x00007ffd18cb0000 - 0x00007ffd18f42000 	C:\WINDOWS\WinSxS\amd64_microsoft.windows.common-controls_6595b64144ccf1df_6.0.22621.4541_none_2710d1c57384c085\COMCTL32.dll
0x00007ffd283a0000 - 0x00007ffd28447000 	C:\WINDOWS\System32\msvcrt.dll
0x00007ffd28cf0000 - 0x00007ffd28d21000 	C:\WINDOWS\System32\IMM32.DLL
0x00007ffcceba0000 - 0x00007ffccebac000 	C:\sts-4.27.0.RELEASE(ojdk21)\plugins\org.eclipse.justj.openjdk.hotspot.jre.full.win32.x86_64_21.0.5.v20241023-1957\jre\bin\vcruntime140_1.dll
0x00007ffca4cb0000 - 0x00007ffca4d3d000 	C:\sts-4.27.0.RELEASE(ojdk21)\plugins\org.eclipse.justj.openjdk.hotspot.jre.full.win32.x86_64_21.0.5.v20241023-1957\jre\bin\msvcp140.dll
0x00007ffca9610000 - 0x00007ffcaa39f000 	C:\sts-4.27.0.RELEASE(ojdk21)\plugins\org.eclipse.justj.openjdk.hotspot.jre.full.win32.x86_64_21.0.5.v20241023-1957\jre\bin\server\jvm.dll
0x00007ffd27fe0000 - 0x00007ffd28092000 	C:\WINDOWS\System32\ADVAPI32.dll
0x00007ffd292e0000 - 0x00007ffd29387000 	C:\WINDOWS\System32\sechost.dll
0x00007ffd27960000 - 0x00007ffd27988000 	C:\WINDOWS\System32\bcrypt.dll
0x00007ffd29440000 - 0x00007ffd29554000 	C:\WINDOWS\System32\RPCRT4.dll
0x00007ffd293c0000 - 0x00007ffd29431000 	C:\WINDOWS\System32\WS2_32.dll
0x00007ffd27120000 - 0x00007ffd2716d000 	C:\WINDOWS\SYSTEM32\POWRPROF.dll
0x00007ffd21cb0000 - 0x00007ffd21ce4000 	C:\WINDOWS\SYSTEM32\WINMM.dll
0x00007ffd22d10000 - 0x00007ffd22d1a000 	C:\WINDOWS\SYSTEM32\VERSION.dll
0x00007ffd27100000 - 0x00007ffd27113000 	C:\WINDOWS\SYSTEM32\UMPDC.dll
0x00007ffd26400000 - 0x00007ffd26418000 	C:\WINDOWS\SYSTEM32\kernel.appcore.dll
0x00007ffd22cb0000 - 0x00007ffd22cba000 	C:\sts-4.27.0.RELEASE(ojdk21)\plugins\org.eclipse.justj.openjdk.hotspot.jre.full.win32.x86_64_21.0.5.v20241023-1957\jre\bin\jimage.dll
0x00007ffd24da0000 - 0x00007ffd24fd2000 	C:\WINDOWS\SYSTEM32\DBGHELP.DLL
0x00007ffd288e0000 - 0x00007ffd28c6f000 	C:\WINDOWS\System32\combase.dll
0x00007ffd296d0000 - 0x00007ffd297a7000 	C:\WINDOWS\System32\OLEAUT32.dll
0x00007ffd18870000 - 0x00007ffd188a2000 	C:\WINDOWS\SYSTEM32\dbgcore.DLL
0x00007ffd27b70000 - 0x00007ffd27beb000 	C:\WINDOWS\System32\bcryptPrimitives.dll
0x00007ffcf9200000 - 0x00007ffcf921f000 	C:\sts-4.27.0.RELEASE(ojdk21)\plugins\org.eclipse.justj.openjdk.hotspot.jre.full.win32.x86_64_21.0.5.v20241023-1957\jre\bin\java.dll

dbghelp: loaded successfully - version: 4.0.5 - missing functions: none
symbol engine: initialized successfully - sym options: 0x614 - pdb path: .;C:\sts-4.27.0.RELEASE(ojdk21)\plugins\org.eclipse.justj.openjdk.hotspot.jre.full.win32.x86_64_21.0.5.v20241023-1957\jre\bin;C:\WINDOWS\SYSTEM32;C:\WINDOWS\WinSxS\amd64_microsoft.windows.common-controls_6595b64144ccf1df_6.0.22621.4541_none_2710d1c57384c085;C:\sts-4.27.0.RELEASE(ojdk21)\plugins\org.eclipse.justj.openjdk.hotspot.jre.full.win32.x86_64_21.0.5.v20241023-1957\jre\bin\server

VM Arguments:
jvm_args: -Dcom.sun.management.jmxremote -Dcom.sun.management.jmxremote.port=52434 -Dcom.sun.management.jmxremote.authenticate=false -Dcom.sun.management.jmxremote.ssl=false -Djava.rmi.server.hostname=localhost -Dspring.jmx.enabled=true -Dmanagement.endpoints.jmx.exposure.include=* -Dspring.application.admin.enabled=true -XX:TieredStopAtLevel=1 -Dspring.boot.project.name=deepen_team1_project -Dfile.encoding=UTF-8 -Dstdout.encoding=UTF-8 -Dstderr.encoding=UTF-8 -XX:+ShowCodeDetailsInExceptionMessages 
java_command: com.deepen.DeepenTeam1ProjectApplication --spring.output.ansi.enabled=always
java_class_path (initial): D:\workspace_springboot_team\deepen_team1_project\bin\main;C:\Users\jyojyo\.gradle\caches\modules-2\files-2.1\org.projectlombok\lombok\1.18.36\5a30490a6e14977d97d9c73c924c1f1b5311ea95\lombok-1.18.36.jar;C:\Users\jyojyo\.gradle\caches\modules-2\files-2.1\org.springframework.boot\spring-boot-starter-data-jpa\3.4.1\f06be4354c339f3f880a5c66a6913cd2366eb225\spring-boot-starter-data-jpa-3.4.1.jar;C:\Users\jyojyo\.gradle\caches\modules-2\files-2.1\org.springframework.boot\spring-boot-starter-thymeleaf\3.4.1\a2903c33815dbc9c65c97f83e32dcea2d9935429\spring-boot-starter-thymeleaf-3.4.1.jar;C:\Users\jyojyo\.gradle\caches\modules-2\files-2.1\org.springframework.boot\spring-boot-starter-web\3.4.1\ff7227fc62338e0f6eba3f9f94c12eb952d4da95\spring-boot-starter-web-3.4.1.jar;C:\Users\jyojyo\.gradle\caches\modules-2\files-2.1\org.springframework.boot\spring-boot-starter-jdbc\3.4.1\307db83ee5f33fe810565cf980f73747b8f8f43b\spring-boot-starter-jdbc-3.4.1.jar;C:\Users\jyojyo\.gradle\caches\modules-2\files-2.1\org.springframework.boot\spring-boot-starter-json\3.4.1\c1d084f65d8d9f2de9daccab47c4f452fb0464de\spring-boot-starter-json-3.4.1.jar;C:\Users\jyojyo\.gradle\caches\modules-2\files-2.1\org.springframework.boot\spring-boot-starter\3.4.1\2c97b6fdc451ea69cd04dcfa54980439b7c7cb34\spring-boot-starter-3.4.1.jar;C:\Users\jyojyo\.gradle\caches\modules-2\files-2.1\org.hibernate.orm\hibernate-core\6.6.4.Final\95c6d2d58c40dbbfbbd58084941e5cbca4ddef2f\hibernate-core-6.6.4.Final.jar;C:\Users\jyojyo\.gradle\caches\modules-2\files-2.1\org.springframework.data\spring-data-jpa\3.4.1\1c704fa9169ea3745775568e733fddd0132070b2\spring-data-jpa-3.4.1.jar;C:\Users\jyojyo\.gradle\caches\modules-2\files-2.1\org.springframework\spring-aspects\6.2.1\50350218608abf215ae40ef00c87cc666737e199\spring-aspects-6.2.1.jar;C:\Users\jyojyo\.gradle\caches\modules-2\files-2.1\org.thymeleaf\thymeleaf-spring6\3.1.3.RELEASE\4b276ea2bd536a18e44b40ff1d9f4848965ff59c\thymeleaf-spring6-3.1.3.RELEASE.jar;C:\Users\jyojyo\.gradle\caches\modules-2\files-2.1\org.springframework.boot\spring-boot-starter-tomcat\3.4.1\ac4bb51582c57cfb0d2beb102a76fe1a4d8b8b21\spring-boot-starter-tomcat-3.4.1.jar;C:\Users\jyojyo\.gradle\caches\modules-2\files-2.1\org.springframework\spring-webmvc\6.2.1\44bdf7e5641d44044ac52d7bb5c1fc46004e7754\spring-webmvc-6.2.1.jar;C:\Users\jyojyo\.gradle\caches\modules-2\files-2.1\org.springframework\spring-web\6.2.1\877acb94c5b3a0c92e652b6bebdfdc7c60922ac8\spring-web-6.2.1.jar;C:\Users\jyojyo\.gradle\caches\modules-2\files-2.1\org.springframework.boot\spring-boot-autoconfigure\3.4.1\f17b54cc5816ec8f06d0aca9df11c330ead97f2a\spring-boot-autoconfigure-3.4.1.jar;C:\Users\jyojyo\.gradle\caches\modules-2\files-2.1\org.springframework.boot\spring-boot\3.4.1\5fb9890a5eb7c4e86c8f5c0f6960b79240daf3d5\spring-boot-3.4.1.jar;C:\Users\jyojyo\.gradle\caches\modules-2\files-2.1\org.springframework.boot\spring-boot-starter-logging\3.4.1\5cd01e208b15113c7f88b3ea40e843ea9989f38a\spring-boot-starter-logging-3.4.1.jar;C:\Users\jyojyo\.gradle\caches\modules-2\files-2.1\jakarta.annotation\jakarta.annotation-api\2.1.1\48b9bda22b091b1f48b13af03fe36db3be6e1ae3\jakarta.annotation-api-2.1.1.jar;C:\Users\jyojyo\.gradle\caches\modules-2\files-2.1\org.springframework\spring-orm\6.2.1\7fd75b4984d92c3c5e46ee94365cfc79d2daa821\spring-orm-6.2.1.jar;C:\Users\jyojyo\.gradle\caches\modules-2\files-2.1\org.springframework\spring-jdbc\6.2.1\def8d3d9bebafc36c19f8407645eddde32454c8a\spring-jdbc-6.2.1.jar;C:\Users\jyojyo\.gradle\caches\modules-2\files-2.1\org.springframework.data\spring-data-commons\3.4.1\3ae5f19bc2b1b30de85b0610ae25818c2e7c295a\spring-data-commons-3.4.1.jar;C:\Users\jyojyo\.gradle\caches\modules-2\files-2.1\org.springframework\spring-context\6.2.1\f56c7431b03860bfdb016e68f484c5c35531ef2e\spring-context-6.2.1.jar;C:\Users\jyojyo\.gradle\caches\modules-2\files-2.1\org.springframework\spring-aop\6.2.1\a9384de38fc00751084446ba014a0c4962240244\spring-aop-6.2.1.jar;C:\Users\jyojyo\.gradle\caches\modules-2\files-2.1\org.springframework\spring-tx\6.2.1\5ffde4fee85ff021ad613b9e86a9be893fb52572\spring-tx-6.2.1.jar;C:\Users\jyojyo\.gradle\caches\modules-2\files-2.1\org.springframework\spring-beans\6.2.1\ab57ec03ba6900075bf28e3cd70ccce173205b8d\spring-beans-6.2.1.jar;C:\Users\jyojyo\.gradle\caches\modules-2\files-2.1\org.springframework\spring-expression\6.2.1\91fcf6b9501705c31c8337e2713fe823bb512b24\spring-expression-6.2.1.jar;C:\Users\jyojyo\.gradle\caches\modules-2\files-2.1\org.springframework\spring-core\6.2.1\f42e6b51d9c0c2fcf95df9e5848470d173adc9af\spring-core-6.2.1.jar;C:\Users\jyojyo\.gradle\caches\modules-2\files-2.1\org.yaml\snakeyaml\2.3\936b36210e27320f920536f695cf1af210c44586\snakeyaml-2.3.jar;C:\Users\jyojyo\.gradle\caches\modules-2\files-2.1\com.zaxxer\HikariCP\5.1.0\8c96e36c14461fc436bb02b264b96ef3ca5dca8c\HikariCP-5.1.0.jar;C:\Users\jyojyo\.gradle\caches\modules-2\files-2.1\jakarta.persistence\jakarta.persistence-api\3.1.0\66901fa1c373c6aff65c13791cc11da72060a8d6\jakarta.persistence-api-3.1.0.jar;C:\Users\jyojyo\.gradle\caches\modules-2\files-2.1\jakarta.transaction\jakarta.transaction-api\2.0.1\51a520e3fae406abb84e2e1148e6746ce3f80a1a\jakarta.transaction-api-2.0.1.jar;C:\Users\jyojyo\.gradle\caches\modules-2\files-2.1\org.antlr\antlr4-runtime\4.13.0\5a02e48521624faaf5ff4d99afc88b01686af655\antlr4-runtime-4.13.0.jar;C:\Users\jyojyo\.gradle\caches\modules-2\files-2.1\org.thymeleaf\thymeleaf\3.1.3.RELEASE\51474f2a90b282ee97dabcd159c7faf24790f373\thymeleaf-3.1.3.RELEASE.jar;C:\Users\jyojyo\.gradle\caches\modules-2\files-2.1\ch.qos.logback\logback-classic\1.5.12\3790d1a62e868f7915776dfb392bd9a29ce8d954\logback-classic-1.5.12.jar;C:\Users\jyojyo\.gradle\caches\modules-2\files-2.1\org.apache.logging.log4j\log4j-to-slf4j\2.24.3\da1143e2a2531ee1c2d90baa98eb50a28a39d5a7\log4j-to-slf4j-2.24.3.jar;C:\Users\jyojyo\.gradle\caches\modules-2\files-2.1\org.slf4j\jul-to-slf4j\2.0.16\6d57da3e961daac65bcca0dd3def6cd11e48a24a\jul-to-slf4j-2.0.16.jar;C:\Users\jyojyo\.gradle\caches\modules-2\files-2.1\org.slf4j\slf4j-api\2.0.16\172931663a09a1fa515567af5fbef00897d3c04\slf4j-api-2.0.16.jar;C:\Users\jyojyo\.gradle\caches\modules-2\files-2.1\org.aspectj\aspectjweaver\1.9.22.1\bca243d0af0db4758fbae45c5f4995cb5dabb612\aspectjweaver-1.9.22.1.jar;C:\Users\jyojyo\.gradle\caches\modules-2\files-2.1\com.fasterxml.jackson.datatype\jackson-datatype-jsr310\2.18.2\7b6ff96adf421f4c6edbd694e797dd8fe434510a\jackson-datatype-jsr310-2.18.2.jar;C:\Users\jyojyo\.gradle\caches\modules-2\files-2.1\com.fasterxml.jackson.module\jackson-module-parameter-names\2.18.2\72960cb3277347a748911d100c3302d60e8a616a\jackson-module-parameter-names-2.18.2.jar;C:\Users\jyojyo\.gradle\caches\modules-2\files-2.1\com.fasterxml.jackson.core\jackson-annotations\2.18.2\985d77751ebc7fce5db115a986bc9aa82f973f4a\jackson-annotations-2.18.2.jar;C:\Users\jyojyo\.gradle\caches\modules-2\files-2.1\com.fasterxml.jackson.core\jackson-core\2.18.2\fb64ccac5c27dca8819418eb4e443a9f496d9ee7\jackson-core-2.18.2.jar;C:\Users\jyojyo\.gradle\caches\modules-2\files-2.1\com.fasterxml.jackson.datatype\jackson-datatype-jdk8\2.18.2\9ed6d538ebcc66864e114a7040953dce6ab6ea53\jackson-datatype-jdk8-2.18.2.jar;C:\Users\jyojyo\.gradle\caches\modules-2\files-2.1\com.fasterxml.jackson.core\jackson-databind\2.18.2\deef8697b92141fb6caf7aa86966cff4eec9b04f\jackson-databind-2.18.2.jar;C:\Users\jyojyo\.gradle\caches\modules-2\files-2.1\org.apache.tomcat.embed\tomcat-embed-websocket\10.1.34\eef6d430f34b6e393b8d9e40f10db9043732b4e5\tomcat-embed-websocket-10.1.34.jar;C:\Users\jyojyo\.gradle\caches\modules-2\files-2.1\org.apache.tomcat.embed\tomcat-embed-core\10.1.34\f610f84be607fbc82e393cc220f0ad45f92afc91\tomcat-embed-core-10.1.34.jar;C:\Users\jyojyo\.gradle\caches\modules-2\files-2.1\org.apache.tomcat.embed\tomcat-embed-el\10.1.34\d2b2daca3bc999c62e58ae36b45ba0582530fb25\tomcat-embed-el-10.1.34.jar;C:\Users\jyojyo\.gradle\caches\modules-2\files-2.1\io.micrometer\micrometer-observation\1.14.2\a9cad29cc04c0f7e30e3e58b454d4cd47ccc54bd\micrometer-observation-1.14.2.jar;C:\Users\jyojyo\.gradle\caches\modules-2\files-2.1\org.springframework\spring-jcl\6.2.1\a5d662d64470aff0ae51d210147bb6ede31a8ea3\spring-jcl-6.2.1.jar;C:\Users\jyojyo\.gradle\caches\modules-2\files-2.1\org.attoparser\attoparser\2.0.7.RELEASE\e5d0e988d9124139d645bb5872b24dfa23e283cc\attoparser-2.0.7.RELEASE.jar;C:\Users\jyojyo\.gradle\caches\modules-2\files-2.1\org.unbescape\unbescape\1.1.6.RELEASE\7b90360afb2b860e09e8347112800d12c12b2a13\unbescape-1.1.6.RELEASE.jar;C:\Users\jyojyo\.gradle\caches\modules-2\files-2.1\io.micrometer\micrometer-commons\1.14.2\69c454dbec59c7842cf59a534b7ec03618d75b91\micrometer-commons-1.14.2.jar;C:\Users\jyojyo\.gradle\caches\modules-2\files-2.1\ch.qos.logback\logback-core\1.5.12\65b1fa25fe8d8e4bdc140e79eb67ac6741f775e2\logback-core-1.5.12.jar;C:\Users\jyojyo\.gradle\caches\modules-2\files-2.1\org.apache.logging.log4j\log4j-api\2.24.3\b02c125db8b6d295adf72ae6e71af5d83bce2370\log4j-api-2.24.3.jar;C:\Users\jyojyo\.gradle\caches\modules-2\files-2.1\org.springframework.boot\spring-boot-devtools\3.4.1\3bdbab471c56ce1fece521e9db67102d018006c4\spring-boot-devtools-3.4.1.jar;C:\Users\jyojyo\.gradle\caches\modules-2\files-2.1\com.h2database\h2\2.3.232\4fcc05d966ccdb2812ae8b9a718f69226c0cf4e2\h2-2.3.232.jar;C:\Users\jyojyo\.gradle\caches\modules-2\files-2.1\com.oracle.database.jdbc\ojdbc11\23.5.0.24.07\6e07003d57be5e280ef0492209e20fa27edec5b6\ojdbc11-23.5.0.24.07.jar;C:\Users\jyojyo\.gradle\caches\modules-2\files-2.1\com.mysql\mysql-connector-j\9.1.0\5fb1d513278e1a9767dfa80ea9d8d7ee909f1a\mysql-connector-j-9.1.0.jar;C:\Users\jyojyo\.gradle\caches\modules-2\files-2.1\org.jboss.logging\jboss-logging\3.6.1.Final\886afbb445b4016a37c8960a7aef6ebd769ce7e5\jboss-logging-3.6.1.Final.jar;C:\Users\jyojyo\.gradle\caches\modules-2\files-2.1\org.hibernate.common\hibernate-commons-annotations\7.0.3.Final\e183c4be8bb41d12e9f19b374e00c34a0a85f439\hibernate-commons-annotations-7.0.3.Final.jar;C:\Users\jyojyo\.gradle\caches\modules-2\files-2.1\io.smallrye\jandex\3.2.0\f17ad860f62a08487b9edabde608f8ac55c62fa7\jandex-3.2.0.jar;C:\Users\jyojyo\.gradle\caches\modules-2\files-2.1\com.fasterxml\classmate\1.7.0\e98374da1f2143ac8e6e0a95036994bb19137a3\classmate-1.7.0.jar;C:\Users\jyojyo\.gradle\caches\modules-2\files-2.1\net.bytebuddy\byte-buddy\1.15.11\f61886478e0f9ee4c21d09574736f0ff45e0a46c\byte-buddy-1.15.11.jar;C:\Users\jyojyo\.gradle\caches\modules-2\files-2.1\org.glassfish.jaxb\jaxb-runtime\4.0.5\ca84c2a7169b5293e232b9d00d1e4e36d4c3914a\jaxb-runtime-4.0.5.jar;C:\Users\jyojyo\.gradle\caches\modules-2\files-2.1\org.glassfish.jaxb\jaxb-core\4.0.5\7b4b11ea5542eea4ad55e1080b23be436795b3\jaxb-core-4.0.5.jar;C:\Users\jyojyo\.gradle\caches\modules-2\files-2.1\jakarta.xml.bind\jakarta.xml.bind-api\4.0.2\6cd5a999b834b63238005b7144136379dc36cad2\jakarta.xml.bind-api-4.0.2.jar;C:\Users\jyojyo\.gradle\caches\modules-2\files-2.1\jakarta.inject\jakarta.inject-api\2.0.1\4c28afe1991a941d7702fe1362c365f0a8641d1e\jakarta.inject-api-2.0.1.jar;C:\Users\jyojyo\.gradle\caches\modules-2\files-2.1\org.eclipse.angus\angus-activation\2.0.2\41f1e0ddd157c856926ed149ab837d110955a9fc\angus-activation-2.0.2.jar;C:\Users\jyojyo\.gradle\caches\modules-2\files-2.1\jakarta.activation\jakarta.activation-api\2.1.3\fa165bd70cda600368eee31555222776a46b881f\jakarta.activation-api-2.1.3.jar;C:\Users\jyojyo\.gradle\caches\modules-2\files-2.1\org.glassfish.jaxb\txw2\4.0.5\f36a4ef12120a9bb06d766d6a0e54b144fd7ed98\txw2-4.0.5.jar;C:\Users\jyojyo\.gradle\caches\modules-2\files-2.1\com.sun.istack\istack-commons-runtime\4.1.2\18ec117c85f3ba0ac65409136afa8e42bc74e739\istack-commons-runtime-4.1.2.jar
Launcher Type: SUN_STANDARD

[Global flags]
     intx CICompilerCount                          = 4                                         {product} {ergonomic}
     uint ConcGCThreads                            = 3                                         {product} {ergonomic}
     uint G1ConcRefinementThreads                  = 10                                        {product} {ergonomic}
   size_t G1HeapRegionSize                         = 2097152                                   {product} {ergonomic}
    uintx GCDrainStackTargetSize                   = 64                                        {product} {ergonomic}
   size_t InitialHeapSize                          = 232783872                                 {product} {ergonomic}
     bool ManagementServer                         = true                                      {product} {command line}
   size_t MarkStackSize                            = 4194304                                   {product} {ergonomic}
   size_t MaxHeapSize                              = 3720347648                                {product} {ergonomic}
   size_t MinHeapDeltaBytes                        = 2097152                                   {product} {ergonomic}
   size_t MinHeapSize                              = 8388608                                   {product} {ergonomic}
    uintx NonNMethodCodeHeapSize                   = 4096                                   {pd product} {ergonomic}
    uintx NonProfiledCodeHeapSize                  = 0                                      {pd product} {ergonomic}
     bool ProfileInterpreter                       = false                                  {pd product} {command line}
    uintx ProfiledCodeHeapSize                     = 0                                      {pd product} {ergonomic}
     bool ShowCodeDetailsInExceptionMessages       = true                                   {manageable} {command line}
   size_t SoftMaxHeapSize                          = 3720347648                             {manageable} {ergonomic}
     intx TieredStopAtLevel                        = 1                                         {product} {command line}
     bool UseCompressedOops                        = true                           {product lp64_product} {ergonomic}
     bool UseG1GC                                  = true                                      {product} {ergonomic}
     bool UseLargePagesIndividualAllocation        = false                                  {pd product} {ergonomic}

Logging:
Log output configuration:
 #0: stdout all=warning uptime,level,tags foldmultilines=false
 #1: stderr all=off uptime,level,tags foldmultilines=false

Environment Variables:
PATH=C:/sts-4.27.0.RELEASE(ojdk21)//plugins/org.eclipse.justj.openjdk.hotspot.jre.full.win32.x86_64_21.0.5.v20241023-1957/jre/bin/server;C:/sts-4.27.0.RELEASE(ojdk21)//plugins/org.eclipse.justj.openjdk.hotspot.jre.full.win32.x86_64_21.0.5.v20241023-1957/jre/bin;C:\app\jyojyo\product\21c\dbhomeXE\bin;C:\Program Files\ojdkbuild\jdk-21.0.2\bin;C:\Program Files\ojdkbuild\java-17-openjdk-17.0.3.0.6-1\bin;C:\Program Files\ojdkbuild\java-11-openjdk-11.0.15-1\bin;C:\oraclexe\app\oracle\product\11.2.0\server\bin;C:\Program Files\Microsoft\jdk-11.0.19.7-hotspot\bin;C:\WINDOWS\system32;C:\WINDOWS;C:\WINDOWS\System32\Wbem;C:\WINDOWS\System32\WindowsPowerShell\v1.0\;C:\WINDOWS\System32\OpenSSH\;C:\Program Files\MySQL\MySQL Server 8.0\bin;C:\Program Files\Bandizip\;C:\Program Files\Microsoft SQL Server\150\Tools\Binn\;C:\Program Files\Microsoft SQL Server\Client SDK\ODBC\170\Tools\Binn\;C:\Program Files\dotnet\;C:\Program Files (x86)\Windows Kits\10\Windows Performance Toolkit\;C:\Program Files\nodejs\;C:\Program Files\Git\cmd;C:\Program Files\MySQL\MySQL Server 8.0\bin;C:\Users\jyojyo\AppData\Local\Microsoft\WindowsApps;C:\Users\jyojyo\AppData\Local\Programs\Microsoft VS Code\bin;C:\Users\jyojyo\.dotnet\tools;C:\Users\jyojyo\AppData\Roaming\npm;C:\sts-4.27.0.RELEASE(ojdk21);
USERNAME=jyojyo
OS=Windows_NT
PROCESSOR_IDENTIFIER=AMD64 Family 25 Model 80 Stepping 0, AuthenticAMD
TMP=C:\Users\jyojyo\AppData\Local\Temp
TEMP=C:\Users\jyojyo\AppData\Local\Temp




Periodic native trim disabled

---------------  S Y S T E M  ---------------

OS:
 Windows 11 , 64 bit Build 22621 (10.0.22621.4391)
OS uptime: 0 days 2:18 hours
Hyper-V role detected

CPU: total 12 (initial active 12) (12 cores per cpu, 2 threads per core) family 25 model 80 stepping 0 microcode 0x0, cx8, cmov, fxsr, ht, mmx, 3dnowpref, sse, sse2, sse3, ssse3, sse4a, sse4.1, sse4.2, popcnt, lzcnt, tsc, tscinvbit, avx, avx2, aes, erms, clmul, bmi1, bmi2, adx, sha, fma, vzeroupper, clflush, clflushopt, hv, rdtscp, rdpid, fsrm, f16c, cet_ss
Processor Information for all 12 processors :
  Max Mhz: 2301, Current Mhz: 2301, Mhz Limit: 2301

Memory: 4k page, system-wide physical 14188M (4821M free)
TotalPageFile size 14188M (AvailPageFile size 222M)
current process WorkingSet (physical memory assigned to process): 12M, peak: 12M
current process commit charge ("private bytes"): 59M, peak: 281M

vm_info: OpenJDK 64-Bit Server VM (21.0.5+11-LTS) for windows-amd64 JRE (21.0.5+11-LTS), built on 2024-10-15T00:00:00Z by "admin" with MS VC++ 17.7 (VS2022)

END.
